[debug] [2021-09-27T03:44:56.944Z] ----------------------------------------------------------------------
[debug] [2021-09-27T03:44:56.946Z] Command:       /usr/local/Cellar/node/16.5.0/bin/node /usr/local/bin/firebase init
[debug] [2021-09-27T03:44:56.946Z] CLI Version:   9.18.0
[debug] [2021-09-27T03:44:56.946Z] Platform:      darwin
[debug] [2021-09-27T03:44:56.946Z] Node Version:  v16.5.0
[debug] [2021-09-27T03:44:56.947Z] Time:          Sun Sep 26 2021 20:44:56 GMT-0700 (Pacific Daylight Time)
[debug] [2021-09-27T03:44:56.947Z] ----------------------------------------------------------------------
[debug] 
[debug] [2021-09-27T03:44:56.985Z] > command requires scopes: ["email","openid","https://www.googleapis.com/auth/cloudplatformprojects.readonly","https://www.googleapis.com/auth/firebase","https://www.googleapis.com/auth/cloud-platform"]
[debug] [2021-09-27T03:44:56.985Z] > authorizing via signed-in user (kdrendel99@gmail.com)
[info] 
     ######## #### ########  ######## ########     ###     ######  ########
     ##        ##  ##     ## ##       ##     ##  ##   ##  ##       ##
     ######    ##  ########  ######   ########  #########  ######  ######
     ##        ##  ##    ##  ##       ##     ## ##     ##       ## ##
     ##       #### ##     ## ######## ########  ##     ##  ######  ########

You're about to initialize a Firebase project in this directory:

  /Users/KarlDrendel/Desktop/portfolio-site-react

Before we get started, keep in mind:

  * You are initializing within an existing Firebase project directory

[debug] [2021-09-27T03:47:58.288Z] ----------------------------------------------------------------------
[debug] [2021-09-27T03:47:58.290Z] Command:       /usr/local/Cellar/node/16.5.0/bin/node /usr/local/bin/firebase init hosting
[debug] [2021-09-27T03:47:58.290Z] CLI Version:   9.18.0
[debug] [2021-09-27T03:47:58.290Z] Platform:      darwin
[debug] [2021-09-27T03:47:58.290Z] Node Version:  v16.5.0
[debug] [2021-09-27T03:47:58.292Z] Time:          Sun Sep 26 2021 20:47:58 GMT-0700 (Pacific Daylight Time)
[debug] [2021-09-27T03:47:58.292Z] ----------------------------------------------------------------------
[debug] 
[debug] [2021-09-27T03:47:58.330Z] > command requires scopes: ["email","openid","https://www.googleapis.com/auth/cloudplatformprojects.readonly","https://www.googleapis.com/auth/firebase","https://www.googleapis.com/auth/cloud-platform"]
[debug] [2021-09-27T03:47:58.330Z] > authorizing via signed-in user (kdrendel99@gmail.com)
[info] 
     ######## #### ########  ######## ########     ###     ######  ########
     ##        ##  ##     ## ##       ##     ##  ##   ##  ##       ##
     ######    ##  ########  ######   ########  #########  ######  ######
     ##        ##  ##    ##  ##       ##     ## ##     ##       ## ##
     ##       #### ##     ## ######## ########  ##     ##  ######  ########

You're about to initialize a Firebase project in this directory:

  /Users/KarlDrendel/Desktop/portfolio-site-react

Before we get started, keep in mind:

  * You are initializing within an existing Firebase project directory

[info] 
=== Project Setup
[info] 
[info] First, let's associate this project directory with a Firebase project.
[info] You can create multiple project aliases by running firebase use --add, 
[info] but for now we'll just set up a default project.
[info] 
[info] i  .firebaserc already has a default project, using portfolio-site-70a9b. 
[debug] [2021-09-27T03:47:58.336Z] >>> [apiv2][query] GET https://firebase.googleapis.com/v1beta1/projects/portfolio-site-70a9b [none]
[debug] [2021-09-27T03:47:58.567Z] <<< [apiv2][status] GET https://firebase.googleapis.com/v1beta1/projects/portfolio-site-70a9b 200
[debug] [2021-09-27T03:47:58.567Z] <<< [apiv2][body] GET https://firebase.googleapis.com/v1beta1/projects/portfolio-site-70a9b {"projectId":"portfolio-site-70a9b","projectNumber":"129779201071","displayName":"portfolio-site","name":"projects/portfolio-site-70a9b","resources":{"hostingSite":"portfolio-site-70a9b","storageBucket":"portfolio-site-70a9b.appspot.com","locationId":"us-central"},"state":"ACTIVE"}
[info] 
=== Hosting Setup
[info] 
[info] Your public directory is the folder (relative to your project directory) that
[info] will contain Hosting assets to be uploaded with firebase deploy. If you
[info] have a build process for your assets, use your build's output directory.
[info] 
[info] ✔  Wrote build/404.html 
[debug] [2021-09-27T03:49:24.446Z] >>> [apiv2][query] GET https://www.gstatic.com/firebasejs/releases.json [none]
[debug] [2021-09-27T03:49:24.552Z] <<< [apiv2][status] GET https://www.gstatic.com/firebasejs/releases.json 200
[debug] [2021-09-27T03:49:24.552Z] <<< [apiv2][body] GET https://www.gstatic.com/firebasejs/releases.json {"current":{"version":"9.1.0","browserURL":"https://www.gstatic.com/firebasejs/9.1.0/firebase.js","packageURL":"https://www.gstatic.com/firebasejs/9.1.0/firebase.tgz"},"live":{"version":"9.1","browserURL":"https://www.gstatic.com/firebasejs/live/9.1/firebase.js","packageURL":"https://www.gstatic.com/firebasejs/live/9.1/firebase.tgz"},"components":{"analytics":"https://www.gstatic.com/firebasejs/9.1.0/firebase-analytics.js","app":"https://www.gstatic.com/firebasejs/9.1.0/firebase-app.js","app-check":"https://www.gstatic.com/firebasejs/9.1.0/firebase-app-check.js","auth":"https://www.gstatic.com/firebasejs/9.1.0/firebase-auth.js","auth/cordova":"https://www.gstatic.com/firebasejs/9.1.0/firebase-auth/cordova.js","auth/react-native":"https://www.gstatic.com/firebasejs/9.1.0/firebase-auth/react-native.js","functions":"https://www.gstatic.com/firebasejs/9.1.0/firebase-functions.js","firestore":"https://www.gstatic.com/firebasejs/9.1.0/firebase-firestore.js","firestore/lite":"https://www.gstatic.com/firebasejs/9.1.0/firebase-firestore/lite.js","storage":"https://www.gstatic.com/firebasejs/9.1.0/firebase-storage.js","performance":"https://www.gstatic.com/firebasejs/9.1.0/firebase-performance.js","remote-config":"https://www.gstatic.com/firebasejs/9.1.0/firebase-remote-config.js","messaging":"https://www.gstatic.com/firebasejs/9.1.0/firebase-messaging.js","messaging/sw":"https://www.gstatic.com/firebasejs/9.1.0/firebase-messaging/sw.js","database":"https://www.gstatic.com/firebasejs/9.1.0/firebase-database.js","firestore.memory":"https://www.gstatic.com/firebasejs/9.1.0/firebase-firestore.memory.js"}}
[info] ✔  Wrote build/index.html 
[info] 
[info] i  Detected a .git folder at /Users/KarlDrendel/Desktop/portfolio-site-react 
[info] i  Authorizing with GitHub to upload your service account to a GitHub repository's secrets store. 
[info] 
[info] Visit this URL on this device to log in:
[info] https://github.com/login/oauth/authorize?client_id=89cf50f02ac6aaed3484&state=880498031&redirect_uri=http%3A%2F%2Flocalhost%3A9005&scope=read%3Auser%20repo%20public_repo
[info] 
[info] Waiting for authentication...
[debug] [2021-09-27T03:49:33.621Z] >>> HTTP REQUEST POST https://github.com/login/oauth/access_token  
 {"client_id":"89cf50f02ac6aaed3484","client_secret":"3330d14abc895d9a74d5f17cd7a00711fa2c5bf0","code":"2de24d705d745eb2fb66","redirect_uri":"http://localhost:9005","state":"880498031"}
[debug] [2021-09-27T03:49:33.851Z] <<< HTTP RESPONSE 200 {"server":"GitHub.com","date":"Mon, 27 Sep 2021 03:49:37 GMT","content-type":"application/json; charset=utf-8","transfer-encoding":"chunked","vary":"X-PJAX, X-PJAX-Container, Accept-Encoding, Accept, X-Requested-With","permissions-policy":"interest-cohort=()","etag":"W/\"70a0533a5aafdf1d90c080c5de07a044\"","cache-control":"max-age=0, private, must-revalidate","strict-transport-security":"max-age=31536000; includeSubdomains; preload","x-frame-options":"deny","x-content-type-options":"nosniff","x-xss-protection":"0","referrer-policy":"origin-when-cross-origin, strict-origin-when-cross-origin","expect-ct":"max-age=2592000, report-uri=\"https://api.github.com/_private/browser/errors\"","content-security-policy":"default-src 'none'; base-uri 'self'; block-all-mixed-content; child-src github.githubassets.com; connect-src 'self' uploads.github.com www.githubstatus.com collector.githubapp.com api.github.com github-cloud.s3.amazonaws.com github-production-repository-file-5c1aeb.s3.amazonaws.com github-production-upload-manifest-file-7fdce7.s3.amazonaws.com github-production-user-asset-6210df.s3.amazonaws.com cdn.optimizely.com logx.optimizely.com/v1/events translator.github.com wss://alive.github.com; font-src github.githubassets.com; form-action 'self' github.com gist.github.com; frame-ancestors 'none'; frame-src render.githubusercontent.com viewscreen.githubusercontent.com; img-src 'self' data: github.githubassets.com identicons.github.com collector.githubapp.com github-cloud.s3.amazonaws.com secured-user-images.githubusercontent.com/ *.githubusercontent.com; manifest-src 'self'; media-src github.com user-images.githubusercontent.com/; script-src github.githubassets.com; style-src 'unsafe-inline' github.githubassets.com; worker-src github.githubassets.com github.com/socket-worker-0af8a29d.js gist.github.com/socket-worker-0af8a29d.js","x-github-request-id":"C306:4BEA:717931:9D7402:61513F51"}
[debug] [2021-09-27T03:49:33.854Z] >>> [apiv2][query] GET https://api.github.com/user [none]
[debug] [2021-09-27T03:49:34.089Z] <<< [apiv2][status] GET https://api.github.com/user 200
[debug] [2021-09-27T03:49:34.089Z] <<< [apiv2][body] GET https://api.github.com/user {"login":"kdrendel99","id":77035725,"node_id":"MDQ6VXNlcjc3MDM1NzI1","avatar_url":"https://avatars.githubusercontent.com/u/77035725?v=4","gravatar_id":"","url":"https://api.github.com/users/kdrendel99","html_url":"https://github.com/kdrendel99","followers_url":"https://api.github.com/users/kdrendel99/followers","following_url":"https://api.github.com/users/kdrendel99/following{/other_user}","gists_url":"https://api.github.com/users/kdrendel99/gists{/gist_id}","starred_url":"https://api.github.com/users/kdrendel99/starred{/owner}{/repo}","subscriptions_url":"https://api.github.com/users/kdrendel99/subscriptions","organizations_url":"https://api.github.com/users/kdrendel99/orgs","repos_url":"https://api.github.com/users/kdrendel99/repos","events_url":"https://api.github.com/users/kdrendel99/events{/privacy}","received_events_url":"https://api.github.com/users/kdrendel99/received_events","type":"User","site_admin":false,"name":"Karlson Drendel","company":null,"blog":"","location":null,"email":null,"hireable":null,"bio":null,"twitter_username":null,"public_repos":59,"public_gists":0,"followers":15,"following":15,"created_at":"2021-01-06T02:45:27Z","updated_at":"2021-08-12T03:01:41Z","private_gists":0,"total_private_repos":2,"owned_private_repos":2,"disk_usage":77011,"collaborators":0,"two_factor_authentication":false,"plan":{"name":"free","space":976562499,"collaborators":0,"private_repos":10000}}
[info] 
[info] ✔  Success! Logged into GitHub as kdrendel99 
[info] 
